d:\learn\learn\leetcode100\leetcode100\debug\vc141.pdb
d:\learn\learn\leetcode100\leetcode100\debug\vc141.idb
d:\learn\learn\leetcode100\leetcode100\debug\139_word_break.obj
d:\learn\learn\leetcode100\leetcode100\debug\136_single_number.obj
d:\learn\learn\leetcode100\leetcode100\debug\130.obj
d:\learn\learn\leetcode100\leetcode100\debug\128_longest_consecutive_sequence.obj
d:\learn\learn\leetcode100\leetcode100\debug\127_word_ladder.obj
d:\learn\learn\leetcode100\leetcode100\debug\124_binary_tree_maximum_path_sum.obj
d:\learn\learn\leetcode100\leetcode100\debug\121_best_time_to_buy_and_sell_stock.obj
d:\learn\learn\leetcode100\leetcode100\debug\11_container_with_most_water.obj
d:\learn\learn\leetcode100\leetcode100\debug\114_flatten_binary_tree_to_linked_list.obj
d:\learn\learn\leetcode100\leetcode100\debug\112_path_sum.obj
d:\learn\learn\leetcode100\leetcode100\debug\110_.obj
d:\learn\learn\leetcode100\leetcode100\debug\10_regular_expression_matching.obj
d:\learn\learn\leetcode100\leetcode100\debug\105_construct_binary_tree_from_preorder_and_inorder_traversal.obj
d:\learn\learn\leetcode100\leetcode100\debug\104_maximum_depth_of_binary_tree.obj
d:\learn\learn\leetcode100\leetcode100\debug\102_binary_tree_level_order_traversal.obj
d:\learn\learn\leetcode100\leetcode100\debug\101_symmetric_tree.obj
d:\learn\learn\leetcode100\leetcode100\debug\0_knapsack01.obj
d:\learn\learn\leetcode100\leetcode100\debug\0_kmp.obj
d:\learn\learn\leetcode100\leetcode100\debug\0_hash_table_使用探测法.obj
d:\learn\learn\leetcode100\leetcode100\debug\0_hashtable_分离连接.obj
d:\learn\learn\leetcode100\leetcode100\debug\208_implement_trie.obj
d:\learn\learn\leetcode100\leetcode100\debug\207_course_schedule.obj
d:\learn\learn\leetcode100\leetcode100\debug\206_reverse_linked_list.obj
d:\learn\learn\leetcode100\leetcode100\debug\203_remove_linked_list_elemrents.obj
d:\learn\learn\leetcode100\leetcode100\debug\200_number_of_island.obj
d:\learn\learn\leetcode100\leetcode100\debug\19_remove_nth_node_from_end_of_list.obj
d:\learn\learn\leetcode100\leetcode100\debug\198_house_robber.obj
d:\learn\learn\leetcode100\leetcode100\debug\17_letter_combinations_of_a_phone_number.obj
d:\learn\learn\leetcode100\leetcode100\debug\16_3sum_closest.obj
d:\learn\learn\leetcode100\leetcode100\debug\169_majority_element.obj
d:\learn\learn\leetcode100\leetcode100\debug\160_intersection_of_two_linked_lists.obj
d:\learn\learn\leetcode100\leetcode100\debug\15_3sum.obj
d:\learn\learn\leetcode100\leetcode100\debug\155_min_stack.obj
d:\learn\learn\leetcode100\leetcode100\debug\152_maximum_product_subarray.obj
d:\learn\learn\leetcode100\leetcode100\debug\149_max_points_on_a_lion.obj
d:\learn\learn\leetcode100\leetcode100\debug\148_sort_list.obj
d:\learn\learn\leetcode100\leetcode100\debug\146_h不会.obj
d:\learn\learn\leetcode100\leetcode100\debug\144_binary_tree_preorder_traversal.obj
d:\learn\learn\leetcode100\leetcode100\debug\142_linked_list_cycle_ii.obj
d:\learn\learn\leetcode100\leetcode100\debug\141_linked_list_cycle.obj
d:\learn\learn\leetcode100\leetcode100\debug\283_move_zeros.obj
d:\learn\learn\leetcode100\leetcode100\debug\279_perfect_squares.obj
d:\learn\learn\leetcode100\leetcode100\debug\257_binary_tree_paths.obj
d:\learn\learn\leetcode100\leetcode100\debug\253————.obj
d:\learn\learn\leetcode100\leetcode100\debug\24_swap_nodes_in_pairs.obj
d:\learn\learn\leetcode100\leetcode100\debug\240_search_a_2d_matrix_ii.obj
d:\learn\learn\leetcode100\leetcode100\debug\23_merge_k_sorted_lists.obj
d:\learn\learn\leetcode100\leetcode100\debug\239__________hard.obj
d:\learn\learn\leetcode100\leetcode100\debug\238_product_of_array_except_self.obj
d:\learn\learn\leetcode100\leetcode100\debug\237_delete_node_in_a_linked_list.obj
d:\learn\learn\leetcode100\leetcode100\debug\236_lowest_common_ancestor_of_a_binary_tree.obj
d:\learn\learn\leetcode100\leetcode100\debug\235_lowest_common_ancestor_of_a_binary_search_tree.obj
d:\learn\learn\leetcode100\leetcode100\debug\234_palindrome_linked_list.obj
d:\learn\learn\leetcode100\leetcode100\debug\22_generate_parentheses.obj
d:\learn\learn\leetcode100\leetcode100\debug\226_invert_binary_tree.obj
d:\learn\learn\leetcode100\leetcode100\debug\221_maximal_square.obj
d:\learn\learn\leetcode100\leetcode100\debug\220_contains_duplicate_iii.obj
d:\learn\learn\leetcode100\leetcode100\debug\219_contains_duplicate_ii.obj
d:\learn\learn\leetcode100\leetcode100\debug\215_kth_largest_element_in_an_array.obj
d:\learn\learn\leetcode100\leetcode100\debug\20_valid_parentheses.obj
d:\learn\learn\leetcode100\leetcode100\debug\42_trapping_rain_water.obj
d:\learn\learn\leetcode100\leetcode100\debug\416_partition_equal_subset_sum.obj
d:\learn\learn\leetcode100\leetcode100\debug\406.obj
d:\learn\learn\leetcode100\leetcode100\debug\39_combination_sum.obj
d:\learn\learn\leetcode100\leetcode100\debug\394_decode_string.obj
d:\learn\learn\leetcode100\leetcode100\debug\34_find_f_and_l_position_of_element.obj
d:\learn\learn\leetcode100\leetcode100\debug\347_top_k_frequent_element.obj
d:\learn\learn\leetcode100\leetcode100\debug\343_integer_break.obj
d:\learn\learn\leetcode100\leetcode100\debug\33_search_in_rotated_sorted_array.obj
d:\learn\learn\leetcode100\leetcode100\debug\338_counting_bits.obj
d:\learn\learn\leetcode100\leetcode100\debug\337_house_robber_iii.obj
d:\learn\learn\leetcode100\leetcode100\debug\32_longest_valid_parentheses.obj
d:\learn\learn\leetcode100\leetcode100\debug\322_coins_change.obj
d:\learn\learn\leetcode100\leetcode100\debug\31_next_permutation.obj
d:\learn\learn\leetcode100\leetcode100\debug\312_________h.obj
d:\learn\learn\leetcode100\leetcode100\debug\309_best_time_to_buy_and_sell_stock_with_cooldown.obj
d:\learn\learn\leetcode100\leetcode100\debug\301_________h.obj
d:\learn\learn\leetcode100\leetcode100\debug\300_longest_increasing_subsequence.obj
d:\learn\learn\leetcode100\leetcode100\debug\297_________h.obj
d:\learn\learn\leetcode100\leetcode100\debug\287_find_the_duplicate_number.obj
d:\learn\learn\leetcode100\leetcode100\debug\58111.obj
d:\learn\learn\leetcode100\leetcode100\debug\572.obj
d:\learn\learn\leetcode100\leetcode100\debug\56_merge_intervals.obj
d:\learn\learn\leetcode100\leetcode100\debug\560.obj
d:\learn\learn\leetcode100\leetcode100\debug\55__jump_game.obj
d:\learn\learn\leetcode100\leetcode100\debug\543333.obj
d:\learn\learn\leetcode100\leetcode100\debug\53_maximum_subarry.obj
d:\learn\learn\leetcode100\leetcode100\debug\51_n-queens.obj
d:\learn\learn\leetcode100\leetcode100\debug\49_group_anagrams.obj
d:\learn\learn\leetcode100\leetcode100\debug\494——.obj
d:\learn\learn\leetcode100\leetcode100\debug\48_rotate_image.obj
d:\learn\learn\leetcode100\leetcode100\debug\46_permutations.obj
d:\learn\learn\leetcode100\leetcode100\debug\455_assign_cookies.obj
d:\learn\learn\leetcode100\leetcode100\debug\454_4sum_ii.obj
d:\learn\learn\leetcode100\leetcode100\debug\447_number_of_boomerangs.obj
d:\learn\learn\leetcode100\leetcode100\debug\84_largest_rectangle_in_histogram.obj
d:\learn\learn\leetcode100\leetcode100\debug\79_word_search.obj
d:\learn\learn\leetcode100\leetcode100\debug\78_subsets.obj
d:\learn\learn\leetcode100\leetcode100\debug\77_combinations.obj
d:\learn\learn\leetcode100\leetcode100\debug\771.obj
d:\learn\learn\leetcode100\leetcode100\debug\76_hard_minimum_windows_substring.obj
d:\learn\learn\leetcode100\leetcode100\debug\75_sort_colors.obj
d:\learn\learn\leetcode100\leetcode100\debug\72_edit_distance.obj
d:\learn\learn\leetcode100\leetcode100\debug\70_climbing_stairs.obj
d:\learn\learn\leetcode100\leetcode100\debug\64_minimum_path_sum.obj
d:\learn\learn\leetcode100\leetcode100\debug\647.obj
d:\learn\learn\leetcode100\leetcode100\debug\62_unique_path.obj
d:\learn\learn\leetcode100\leetcode100\debug\621.obj
d:\learn\learn\leetcode100\leetcode100\debug\617.obj
d:\learn\learn\leetcode100\leetcode100\debug\21_merge_two_sorted_lists.obj
d:\learn\learn\leetcode100\leetcode100\debug\2_add_two_numbers.obj
d:\learn\learn\leetcode100\leetcode100\debug\1_two_sum.obj
d:\learn\learn\leetcode100\leetcode100\debug\4_hard_median_of_two_sorted_arrays.obj
d:\learn\learn\leetcode100\leetcode100\debug\3_longest_substring_without_repeating_characters.obj
d:\learn\learn\leetcode100\leetcode100\debug\5_longest_palindromic_substring.obj
d:\learn\learn\leetcode100\leetcode100\debug\线程同步.obj
d:\learn\learn\leetcode100\leetcode100\debug\替换空格.obj
d:\learn\learn\leetcode100\leetcode100\debug\打印从1到最大的n位数.obj
d:\learn\learn\leetcode100\leetcode100\debug\98_validate_binary_search_tree.obj
d:\learn\learn\leetcode100\leetcode100\debug\96_unique_binary_search_trees.obj
d:\learn\learn\leetcode100\leetcode100\debug\94_binary_tree_inordertraversal.obj
d:\learn\learn\leetcode100\leetcode100\debug\85____________haojiernan.obj
d:\learn\learn\leetcode100\debug\leetcode100.pdb
d:\learn\learn\leetcode100\leetcode100\debug\leetcode100.tlog\cl.command.1.tlog
d:\learn\learn\leetcode100\leetcode100\debug\leetcode100.tlog\cl.read.1.tlog
d:\learn\learn\leetcode100\leetcode100\debug\leetcode100.tlog\cl.write.1.tlog
d:\learn\learn\leetcode100\leetcode100\debug\leetcode100.tlog\link.32616-cvtres.read.1.tlog
d:\learn\learn\leetcode100\leetcode100\debug\leetcode100.tlog\link.32616-cvtres.write.1.tlog
d:\learn\learn\leetcode100\leetcode100\debug\leetcode100.tlog\link.32616-rc.read.1.tlog
d:\learn\learn\leetcode100\leetcode100\debug\leetcode100.tlog\link.32616-rc.write.1.tlog
d:\learn\learn\leetcode100\leetcode100\debug\leetcode100.tlog\link.32616.read.1.tlog
d:\learn\learn\leetcode100\leetcode100\debug\leetcode100.tlog\link.32616.write.1.tlog
d:\learn\learn\leetcode100\leetcode100\debug\leetcode100.tlog\link.command.1.tlog
d:\learn\learn\leetcode100\leetcode100\debug\leetcode100.tlog\link.read.1.tlog
d:\learn\learn\leetcode100\leetcode100\debug\leetcode100.tlog\link.write.1.tlog
